<?xml version="1.0" encoding="UTF-8"?>
<!-- Generated by org.testng.reporters.JUnitReportReporter -->
<testsuite hostname="AKSAINI-AT37S" name="whatfix.wikipedia.firefox_TC002" tests="1" failures="0" timestamp="20 Oct 2017 17:28:00 GMT" time="30.325" errors="0">
  <testcase name="AutomateSeelive" time="30.325" classname="whatfix.wikipedia.firefox_TC002"/>
</testsuite>
